\BOOKMARK [1][-]{section.1}{Stable Matching}{}% 1
\BOOKMARK [2][-]{subsection.1.1}{The Men-Wimen problem}{section.1}% 2
\BOOKMARK [1][-]{section.2}{Asymptotic Order of Growth}{}% 3
\BOOKMARK [2][-]{subsection.2.1}{Brute Force}{section.2}% 4
\BOOKMARK [2][-]{subsection.2.2}{Polynomial Running Time}{section.2}% 5
\BOOKMARK [2][-]{subsection.2.3}{Big-O Notation}{section.2}% 6
\BOOKMARK [2][-]{subsection.2.4}{Common Running Times}{section.2}% 7
\BOOKMARK [2][-]{subsection.2.5}{Why it Matters}{section.2}% 8
\BOOKMARK [2][-]{subsection.2.6}{The Heap Data Structure}{section.2}% 9
\BOOKMARK [1][-]{section.3}{Greedy Algorithms}{}% 10
\BOOKMARK [2][-]{subsection.3.1}{The Cashier Problem / Coin changing}{section.3}% 11
\BOOKMARK [2][-]{subsection.3.2}{Interval Scheduling}{section.3}% 12
\BOOKMARK [2][-]{subsection.3.3}{Interval Partitioning}{section.3}% 13
\BOOKMARK [2][-]{subsection.3.4}{Minimizing The Lateness}{section.3}% 14
\BOOKMARK [2][-]{subsection.3.5}{Dikstra Algorithm}{section.3}% 15
\BOOKMARK [2][-]{subsection.3.6}{Kruskal Algorithm}{section.3}% 16
\BOOKMARK [1][-]{section.4}{Dynamic Programming}{}% 17
\BOOKMARK [2][-]{subsection.4.1}{Weighted Interval Scheduling}{section.4}% 18
\BOOKMARK [2][-]{subsection.4.2}{Knapsack Problem}{section.4}% 19
\BOOKMARK [2][-]{subsection.4.3}{Sequence Alignment}{section.4}% 20
\BOOKMARK [2][-]{subsection.4.4}{Bellman-Ford}{section.4}% 21
\BOOKMARK [1][-]{section.5}{Network Flow}{}% 22
\BOOKMARK [2][-]{subsection.5.1}{The Maximum Flow Problem}{section.5}% 23
\BOOKMARK [2][-]{subsection.5.2}{The maximum flow/ minimum cut relationship}{section.5}% 24
\BOOKMARK [2][-]{subsection.5.3}{Ford-Fulkerson Algorithm}{section.5}% 25
\BOOKMARK [2][-]{subsection.5.4}{Matching and Bipartite Matching}{section.5}% 26
\BOOKMARK [2][-]{subsection.5.5}{Edge Disjointed Paths}{section.5}% 27
\BOOKMARK [2][-]{subsection.5.6}{Circulation With demands}{section.5}% 28
\BOOKMARK [2][-]{subsection.5.7}{Survey Design}{section.5}% 29
\BOOKMARK [2][-]{subsection.5.8}{Airline Scheduling}{section.5}% 30
\BOOKMARK [2][-]{subsection.5.9}{Project Selection}{section.5}% 31
\BOOKMARK [2][-]{subsection.5.10}{Baseball Game}{section.5}% 32
\BOOKMARK [1][-]{section.6}{Randomized Algorithms}{}% 33
\BOOKMARK [2][-]{subsection.6.1}{Contention Resolution}{section.6}% 34
\BOOKMARK [2][-]{subsection.6.2}{Global Minimum Cut}{section.6}% 35
\BOOKMARK [2][-]{subsection.6.3}{Linearity of Expectation}{section.6}% 36
\BOOKMARK [2][-]{subsection.6.4}{Monte Carlo vs Las Vegas Algorithms}{section.6}% 37
\BOOKMARK [2][-]{subsection.6.5}{Hashing}{section.6}% 38
\BOOKMARK [2][-]{subsection.6.6}{Marco-Finn Inequality}{section.6}% 39
\BOOKMARK [2][-]{subsection.6.7}{Chernoff Bound}{section.6}% 40
\BOOKMARK [2][-]{subsection.6.8}{Load Balancing}{section.6}% 41
\BOOKMARK [1][-]{section.7}{Negative Patterns}{}% 42
\BOOKMARK [2][-]{subsection.7.1}{Polinomial Time Reduction}{section.7}% 43
\BOOKMARK [2][-]{subsection.7.2}{Reduction by Equivalence}{section.7}% 44
\BOOKMARK [2][-]{subsection.7.3}{Reduction from a special case to a general case}{section.7}% 45
\BOOKMARK [2][-]{subsection.7.4}{Reduction via Gadgets}{section.7}% 46
\BOOKMARK [1][-]{section.8}{NP Problems}{}% 47
\BOOKMARK [2][-]{subsection.8.1}{The decision Problems}{section.8}% 48
\BOOKMARK [2][-]{subsection.8.2}{The Hamiltonian Cycle}{section.8}% 49
\BOOKMARK [2][-]{subsection.8.3}{NP Completeness}{section.8}% 50
\BOOKMARK [1][-]{section.9}{Approximation Algorithms}{}% 51
\BOOKMARK [2][-]{subsection.9.1}{Load Balancing}{section.9}% 52
\BOOKMARK [2][-]{subsection.9.2}{Center Selection Problem}{section.9}% 53
\BOOKMARK [2][-]{subsection.9.3}{Knapsack Problem}{section.9}% 54
\BOOKMARK [1][-]{section.10}{Linear Programming and Integer Linear Programming}{}% 55
\BOOKMARK [2][-]{subsection.10.1}{Linear Programming}{section.10}% 56
\BOOKMARK [2][-]{subsection.10.2}{Primal-Dual}{section.10}% 57
\BOOKMARK [2][-]{subsection.10.3}{Integer Linear Programming}{section.10}% 58
\BOOKMARK [2][-]{subsection.10.4}{Weighted Vertex Cover with ILP}{section.10}% 59
\BOOKMARK [2][-]{subsection.10.5}{Generalized Load Balancing}{section.10}% 60
